<?xml version="1.0" encoding="UTF-8" ?>
<testsuite failures="0" time="4.383" errors="0" skipped="0" tests="21" name="TestSuite">
  <properties>
[...]
</properties>
  <testcase time="0.016" classname="com.pillartech.blog.LoginServiceTest" name="shouldNotLoginBadPasswords"/>
  <testcase time="0.005" classname="com.pillartech.blog.LoginServiceTest" name="shouldNotInactivateUsersAfterThreeTotalFailedPasswords_RepetitiveApproach"/>
  <testcase time="0.006" classname="com.pillartech.blog.LoginServiceTest" name="shouldNotInactivateUsersAfterThreeTotalFailedPasswords_CustomMatcherApproach"/>
  <testcase time="0.012" classname="com.pillartech.blog.LoginServiceTest" name="shouldInactivateAfterThreeFailedPasswords"/>
  <testcase time="0.001" classname="com.pillartech.blog.LoginServiceTest" name="shouldThrowAnExceptionIfAccountIsNotFound"/>
  <testcase time="0.003" classname="com.pillartech.blog.LoginServiceTest" name="shouldLoginValidPasswords"/>
  <testcase time="0.002" classname="com.pillartech.blog.LoginServiceTest" name="shouldThrowBusinessExceptionIfDatabaseIsDown"/>
  <testcase time="0.002" classname="com.pillartech.blog.LoginServiceTest" name="shouldThrowAnExceptionIfAccountIsInactive"/>
  <testcase time="0.011" classname="com.pillartech.blog.ui.AuthenticationFilterTest" name="testWithUserInSessionPassesThrough"/>
  <testcase time="0.001" classname="com.pillartech.blog.ui.AuthenticationFilterTest" name="testWithoutUserInSessionRedirectsToLogin"/>
  <testcase time="0" classname="com.pillartech.blog.ui.AuthenticationFilterTest" name="testGoingToLoginBlindlyPassesThrough"/>
  <testcase time="0.096" classname="com.pillartech.blog.dao.AccountDaoTest" name="testUpdateChangesTheDbRow"/>
  <testcase time="0.023" classname="com.pillartech.blog.dao.AccountDaoTest" name="testCreateAccountAddsARow"/>
  <testcase time="0.006" classname="com.pillartech.blog.dao.AccountDaoTest" name="testCreateAccountPopulatesAllFields"/>
  <testcase time="0.008" classname="com.pillartech.blog.dao.AccountDaoTest" name="testDeleteAccountLeavesNoTrace"/>
  <testcase time="0.118" classname="com.pillartech.blog.dao.AccountDaoTest" name="testFindByUsernameReturnsNullWithNothingInTheDb"/>
  <testcase time="0.031" classname="com.pillartech.blog.dao.AccountDaoTest" name="testFindByUsernameReturnsTheCorrectRow"/>
  <testcase time="0.006" classname="com.pillartech.blog.dao.AccountDaoTest" name="testDeleteAccountRemovesARow"/>
  <testcase time="0.003" classname="com.pillartech.blog.dao.AccountDaoTest" name="testCreateAccountPopulatesTheId"/>
  <testcase time="0.006" classname="com.pillartech.blog.dao.AccountDaoTest" name="testFindByUsernameLimitsByUsername"/>
  <testcase time="0.007" classname="com.pillartech.blog.dao.AccountDaoTest" name="testUpdateLeavesTheSameNumberOfRows"/>
</testsuite>