<testng-results>
  <reporter-output>
  </reporter-output>
  <suite name="blog">
    <groups>
    </groups>
    <test name="com.pillartech.blog.AccountTest">
      <class name="com.pillartech.blog.AccountTest">
        <test-method status="PASS" signature="prepareStaticMocks()" name="prepareStaticMocks" is-config="true" duration-ms="564" started-at="2010-03-15T14:52:42Z" finished-at="2010-03-15T14:52:42Z">
        </test-method>
        <test-method status="PASS" signature="shouldStoreEncryptedPassword()" name="shouldStoreEncryptedPassword" duration-ms="38" started-at="2010-03-15T14:52:42Z" finished-at="2010-03-15T14:52:42Z">
        </test-method>
        <test-method status="PASS" signature="prepareStaticMocks()" name="prepareStaticMocks" is-config="true" duration-ms="8" started-at="2010-03-15T14:52:42Z" finished-at="2010-03-15T14:52:42Z">
        </test-method>
        <test-method status="PASS" signature="shouldUseEncryptionForPasswordMatching()" name="shouldUseEncryptionForPasswordMatching" duration-ms="12" started-at="2010-03-15T14:52:42Z" finished-at="2010-03-15T14:52:42Z">
        </test-method>
      </class>
    </test>
  </suite>
</testng-results>
