<?xml version="1.0" encoding="UTF-8"?>
<testsuite name="com.pillartech.blog.SampleTest" failures="0" tests="5" time="0.047" errors="0">
  <properties/>
  <testcase name="anyOfIsNotThatDescriptive" time="0.0090" classname="com.pillartech.blog.SampleTest"/>
  <testcase name="isMakesForGoodEnglish" time="0.0020" classname="com.pillartech.blog.SampleTest"/>
  <testcase name="negationsDoNotSuck" time="0.0020" classname="com.pillartech.blog.SampleTest"/>
  <testcase name="neitherIsAllOf" time="0.0050" classname="com.pillartech.blog.SampleTest"/>
  <testcase name="stringUtilsAreNice" time="0.0040" classname="com.pillartech.blog.SampleTest"/>
</testsuite>
