<?xml version="1.0" encoding="UTF-8"?>
<testsuite name="com.pillartech.HamcrestSugarTest" failures="0" tests="10" time="0.079" errors="0">
  <properties/>
  <testcase name="anyOfIsNotThatDescriptive" time="0.01" classname="com.pillartech.HamcrestSugarTest"/>
  <testcase name="arrayTestingDoesntNeedToSuck" time="0.0090" classname="com.pillartech.HamcrestSugarTest"/>
  <testcase name="collectionUtilsAreCoolToo" time="0.0050" classname="com.pillartech.HamcrestSugarTest"/>
  <testcase name="customMatchersOpenTheDoors" time="0.0020" classname="com.pillartech.HamcrestSugarTest"/>
  <testcase name="isMakesForGoodEnglish" time="0.0010" classname="com.pillartech.HamcrestSugarTest"/>
  <testcase name="mapsArentLeftOutEither" time="0.0040" classname="com.pillartech.HamcrestSugarTest"/>
  <testcase name="negationsDoNotSuck" time="0.0030" classname="com.pillartech.HamcrestSugarTest"/>
  <testcase name="neitherIsAllOf" time="0.0030" classname="com.pillartech.HamcrestSugarTest"/>
  <testcase name="numberTestingIsAsYouWouldThink" time="0.0030" classname="com.pillartech.HamcrestSugarTest"/>
  <testcase name="stringUtilsAreNice" time="0.0050" classname="com.pillartech.HamcrestSugarTest"/>
</testsuite>
