<?xml version="1.0" encoding="UTF-8"?>
<testsuite name="com.pillartech.blog.HamcrestSugarTest" failures="0" tests="10" time="0.157" errors="0">
  <properties/>
  <testcase name="anyOfIsNotThatDescriptive" time="0.029" classname="com.pillartech.blog.HamcrestSugarTest"/>
  <testcase name="arrayTestingDoesntNeedToSuck" time="0.0090" classname="com.pillartech.blog.HamcrestSugarTest"/>
  <testcase name="collectionUtilsAreCoolToo" time="0.0050" classname="com.pillartech.blog.HamcrestSugarTest"/>
  <testcase name="customMatchersOpenTheDoors" time="0.0060" classname="com.pillartech.blog.HamcrestSugarTest"/>
  <testcase name="isMakesForGoodEnglish" time="0.0030" classname="com.pillartech.blog.HamcrestSugarTest"/>
  <testcase name="mapsArentLeftOutEither" time="0.0050" classname="com.pillartech.blog.HamcrestSugarTest"/>
  <testcase name="negationsDoNotSuck" time="0.0080" classname="com.pillartech.blog.HamcrestSugarTest"/>
  <testcase name="neitherIsAllOf" time="0.0070" classname="com.pillartech.blog.HamcrestSugarTest"/>
  <testcase name="numberTestingIsAsYouWouldThink" time="0.0040" classname="com.pillartech.blog.HamcrestSugarTest"/>
  <testcase name="stringUtilsAreNice" time="0.0070" classname="com.pillartech.blog.HamcrestSugarTest"/>
</testsuite>
