<?xml version="1.0" encoding="UTF-8"?>
<testsuite name="com.pillartech.HamcrestSugarTest" failures="1" tests="10" time="0.102" errors="0">
  <properties/>
  <testcase name="anyOfIsNotThatDescriptive" time="0.017" classname="com.pillartech.HamcrestSugarTest"/>
  <testcase name="arrayTestingDoesntNeedToSuck" time="0.0080" classname="com.pillartech.HamcrestSugarTest"/>
  <testcase name="collectionUtilsAreCoolToo" time="0.0050" classname="com.pillartech.HamcrestSugarTest"/>
  <testcase name="customMatchersOpenTheDoors" time="0.0060" classname="com.pillartech.HamcrestSugarTest">
    <failure type="java.lang.AssertionError" message="
Expected: is not a number
     but: was &amp;lt;1.0&amp;gt;">
      <![CDATA[java.lang.AssertionError: 
Expected: is not a number
     but: was <1.0>
	at org.hamcrest.MatcherAssert.assertThat(MatcherAssert.java:20)
	at org.hamcrest.MatcherAssert.assertThat(MatcherAssert.java:8)
	at com.pillartech.HamcrestSugarTest.customMatchersOpenTheDoors(HamcrestSugarTest.java:178)
... Removed 22 stack frames]]>
    </failure>
  </testcase>
  <testcase name="isMakesForGoodEnglish" time="0.0020" classname="com.pillartech.HamcrestSugarTest"/>
  <testcase name="mapsArentLeftOutEither" time="0.0060" classname="com.pillartech.HamcrestSugarTest"/>
  <testcase name="negationsDoNotSuck" time="0.0020" classname="com.pillartech.HamcrestSugarTest"/>
  <testcase name="neitherIsAllOf" time="0.0030" classname="com.pillartech.HamcrestSugarTest"/>
  <testcase name="numberTestingIsAsYouWouldThink" time="0.0040" classname="com.pillartech.HamcrestSugarTest"/>
  <testcase name="stringUtilsAreNice" time="0.0050" classname="com.pillartech.HamcrestSugarTest"/>
</testsuite>
