<?xml version="1.0" encoding="UTF-8"?>
<testsuite name="com.pillartech.blog.LoginServiceTest" failures="0" tests="8" time="0.298" errors="0">
  <properties/>
  <testcase name="shouldInactivateAfterThreeFailedPasswords" time="0.016" classname="com.pillartech.blog.LoginServiceTest"/>
  <testcase name="shouldLoginValidPasswords" time="0.0070" classname="com.pillartech.blog.LoginServiceTest"/>
  <testcase name="shouldNotInactivateUsersAfterThreeTotalFailedPasswords_CustomMatcherApproach" time="0.0060" classname="com.pillartech.blog.LoginServiceTest"/>
  <testcase name="shouldNotInactivateUsersAfterThreeTotalFailedPasswords_RepetitiveApproach" time="0.0060" classname="com.pillartech.blog.LoginServiceTest"/>
  <testcase name="shouldNotLoginBadPasswords" time="0.0030" classname="com.pillartech.blog.LoginServiceTest"/>
  <testcase name="shouldThrowAnExceptionIfAccountIsInactive" time="0.0040" classname="com.pillartech.blog.LoginServiceTest"/>
  <testcase name="shouldThrowAnExceptionIfAccountIsNotFound" time="0.0030" classname="com.pillartech.blog.LoginServiceTest"/>
  <testcase name="shouldThrowBusinessExceptionIfDatabaseIsDown" time="0.0060" classname="com.pillartech.blog.LoginServiceTest"/>
</testsuite>
