<?xml version="1.0" encoding="UTF-8"?>
<testsuite name="IntegrationTests" failures="0" tests="10" time="3.395" errors="0">
  <properties/>
  <testcase name="testUpdateChangesTheDbRow" time="0.085" classname="com.pillartech.blog.dao.AccountDaoTest"/>
  <testcase name="testCreateAccountAddsARow" time="0.017" classname="com.pillartech.blog.dao.AccountDaoTest"/>
  <testcase name="testCreateAccountPopulatesAllFields" time="0.0020" classname="com.pillartech.blog.dao.AccountDaoTest"/>
  <testcase name="testDeleteAccountLeavesNoTrace" time="0.0040" classname="com.pillartech.blog.dao.AccountDaoTest"/>
  <testcase name="testFindByUsernameReturnsNullWithNothingInTheDb" time="0.116" classname="com.pillartech.blog.dao.AccountDaoTest"/>
  <testcase name="testFindByUsernameReturnsTheCorrectRow" time="0.028" classname="com.pillartech.blog.dao.AccountDaoTest"/>
  <testcase name="testDeleteAccountRemovesARow" time="0.0030" classname="com.pillartech.blog.dao.AccountDaoTest"/>
  <testcase name="testCreateAccountPopulatesTheId" time="0.0020" classname="com.pillartech.blog.dao.AccountDaoTest"/>
  <testcase name="testFindByUsernameLimitsByUsername" time="0.0030" classname="com.pillartech.blog.dao.AccountDaoTest"/>
  <testcase name="testUpdateLeavesTheSameNumberOfRows" time="0.0030" classname="com.pillartech.blog.dao.AccountDaoTest"/>
</testsuite>
