<?xml version="1.0" encoding="UTF-8"?>
<testsuite name="UnitTests" failures="0" tests="11" time="0.402" errors="0">
  <properties/>
  <testcase name="shouldNotLoginBadPasswords" time="0.016" classname="com.pillartech.blog.LoginServiceTest"/>
  <testcase name="shouldNotInactivateUsersAfterThreeTotalFailedPasswords_RepetitiveApproach" time="0.0050" classname="com.pillartech.blog.LoginServiceTest"/>
  <testcase name="shouldNotInactivateUsersAfterThreeTotalFailedPasswords_CustomMatcherApproach" time="0.0060" classname="com.pillartech.blog.LoginServiceTest"/>
  <testcase name="shouldInactivateAfterThreeFailedPasswords" time="0.013" classname="com.pillartech.blog.LoginServiceTest"/>
  <testcase name="shouldThrowAnExceptionIfAccountIsNotFound" time="0.0010" classname="com.pillartech.blog.LoginServiceTest"/>
  <testcase name="shouldLoginValidPasswords" time="0.0020" classname="com.pillartech.blog.LoginServiceTest"/>
  <testcase name="shouldThrowBusinessExceptionIfDatabaseIsDown" time="0.0030" classname="com.pillartech.blog.LoginServiceTest"/>
  <testcase name="shouldThrowAnExceptionIfAccountIsInactive" time="0.0020" classname="com.pillartech.blog.LoginServiceTest"/>
  <testcase name="testWithUserInSessionPassesThrough" time="0.011" classname="com.pillartech.blog.ui.AuthenticationFilterTest"/>
  <testcase name="testWithoutUserInSessionRedirectsToLogin" time="0.0010" classname="com.pillartech.blog.ui.AuthenticationFilterTest"/>
  <testcase name="testGoingToLoginBlindlyPassesThrough" time="0.0010" classname="com.pillartech.blog.ui.AuthenticationFilterTest"/>
</testsuite>
